[2019-11-17 20:11:17] app.ERROR: Class "AdminLinkWidgetController" not found in controllers/admin [] []
[2019-11-17 20:11:47] app.INFO: Exporting mail with theme modern for language Español (Spanish) [] []
[2019-11-17 20:11:47] app.INFO: Core output folder: /var/www/html/mails [] []
[2019-11-17 20:11:47] app.INFO: Modules output folder: /var/www/html/modules/ [] []
[2019-11-17 20:11:57] app.INFO: Exporting mail with theme modern for language Català (Catalan) [] []
[2019-11-17 20:11:57] app.INFO: Core output folder: /var/www/html/mails [] []
[2019-11-17 20:11:57] app.INFO: Modules output folder: /var/www/html/modules/ [] []
[2019-11-17 20:12:04] app.INFO: Exporting mail with theme modern for language Galego (Galician) [] []
[2019-11-17 20:12:04] app.INFO: Core output folder: /var/www/html/mails [] []
[2019-11-17 20:12:04] app.INFO: Modules output folder: /var/www/html/modules/ [] []
[2019-11-17 20:12:07] app.INFO: Exporting mail with theme modern for language Euskera (Basque) [] []
[2019-11-17 20:12:07] app.INFO: Core output folder: /var/www/html/mails [] []
[2019-11-17 20:12:07] app.INFO: Modules output folder: /var/www/html/modules/ [] []
[2019-11-22 18:59:02] request.CRITICAL: Uncaught PHP Exception Symfony\Component\Debug\Exception\ClassNotFoundException: "Attempted to load class "CacheStorage" from namespace "GuzzleHttp\Subscriber\Cache". Did you forget a "use" statement for another namespace?" at /var/www/html/modules/psaddonsconnect/src/WeekAdvice.php line 68 {"exception":"[object] (Symfony\\Component\\Debug\\Exception\\ClassNotFoundException(code: 0): Attempted to load class \"CacheStorage\" from namespace \"GuzzleHttp\\Subscriber\\Cache\".\nDid you forget a \"use\" statement for another namespace? at /var/www/html/modules/psaddonsconnect/src/WeekAdvice.php:68)"} []
[2019-11-22 20:44:45] request.INFO: Matched route "admin_module_manage_action". {"route":"admin_module_manage_action","route_parameters":{"_controller":"PrestaShopBundle\\Controller\\Admin\\Improve\\ModuleController::moduleAction","action":"upgrade","module_name":"iqitmegamenu","_route":"admin_module_manage_action"},"request_uri":"http://www.luigiz.com/admin23874crkw/index.php/improve/modules/manage/action/upgrade/iqitmegamenu?_token=wse9Coop7aiAObTWrM4sUyOVwzZkfihKKjfTbhyPaSI","method":"POST"} []
[2019-11-22 20:44:45] security.DEBUG: Read existing security token from the session. {"key":"_security_main","token_class":"Symfony\\Component\\Security\\Core\\Authentication\\Token\\UsernamePasswordToken"} []
[2019-11-22 20:44:45] security.DEBUG: User was reloaded from a user provider. {"provider":"PrestaShopBundle\\Security\\Admin\\EmployeeProvider","username":"vicsoft01@gmail.com"} []
[2019-11-22 20:44:45] app.ERROR: Excepción emitida por el módulo iqitmegamenu en upgrade. Error sent by Addons. You may need to be logged. [] []
[2019-11-22 20:44:45] security.DEBUG: Stored the security token in the session. {"key":"_security_main"} []
[2019-11-22 20:49:13] request.INFO: Matched route "admin_module_manage_action". {"route":"admin_module_manage_action","route_parameters":{"_controller":"PrestaShopBundle\\Controller\\Admin\\Improve\\ModuleController::moduleAction","action":"upgrade","module_name":"iqitmegamenu","_route":"admin_module_manage_action"},"request_uri":"http://www.luigiz.com/admin23874crkw/index.php/improve/modules/manage/action/upgrade/iqitmegamenu?_token=wse9Coop7aiAObTWrM4sUyOVwzZkfihKKjfTbhyPaSI","method":"POST"} []
[2019-11-22 20:49:13] security.DEBUG: Read existing security token from the session. {"key":"_security_main","token_class":"Symfony\\Component\\Security\\Core\\Authentication\\Token\\UsernamePasswordToken"} []
[2019-11-22 20:49:13] security.DEBUG: User was reloaded from a user provider. {"provider":"PrestaShopBundle\\Security\\Admin\\EmployeeProvider","username":"vicsoft01@gmail.com"} []
[2019-11-22 20:49:13] app.ERROR: Excepción emitida por el módulo iqitmegamenu en upgrade. Error sent by Addons. You may need to be logged. [] []
[2019-11-22 20:49:13] security.DEBUG: Stored the security token in the session. {"key":"_security_main"} []
